‚óè Test suite failed to run

    test/components/Notification/index.test.tsx:85:29 - error TS2339: Property 'value' does not exist on type 'HTMLElement'.

    85     expect(categoryDropdown.value).toBe("category1");
                                   ~~~~~
    test/components/Notification/index.test.tsx:91:27 - error TS2339: Property 'value' does not exist on type 'HTMLElement'.

    91     expect(statusDropdown.value).toBe("resolved");
                                 ~~~~~
    test/components/Notification/index.test.tsx:97:24 - error TS2339: Property 'toHaveClass' does not exist on type 'JestMatchers<HTMLElement>'.

    97     expect(openButton).toHaveClass("OpenButtonSelected");
                              ~~~~~~~~~~~
    test/components/Notification/index.test.tsx:103:27 - error TS2339: Property 'toHaveClass' does not exist on type 'JestMatchers<HTMLElement>'.

    103     expect(resolveButton).toHaveClass("ResolveButtonSelected");
                                  ~~~~~~~~~~~
    test/components/Notification/index.test.tsx:109:25 - error TS2339: Property 'toHaveClass' does not exist on type 'JestMatchers<HTMLElement>'.

    109     expect(closeButton).toHaveClass("CloseButtonSelected");
